<?xml version="1.0" encoding="UTF-8"?>
<!-- Generated by org.testng.reporters.JUnitReportReporter -->
<testsuite hostname="LAPTOP-T931C74M" failures="0" tests="1" name="testNG.EbayTest" time="3.983" errors="0" timestamp="2022-10-16T22:04:52 EDT" skipped="0">
  <testcase classname="testNG.EbayTest" name="f" time="3.983"/>
  <system-out/>
</testsuite> <!-- testNG.EbayTest -->
